TN:
SF:/Users/egill/code/unity_projects/chess/Assets/Scripts/Runtime/Board.cs
FN:12,Create(System.String, Chess.PieceType, Chess.PieceType)
FN:75,GetPlayerPieces(Chess.Tile[,], System.Int32)
FN:82,GetPiecesByPlayer(Chess.Tile[,])
FN:95,FindMovePositions(Chess.TileWithPiece, System.Func[PieceType,Int32,IEnumerable`1], System.Int32, Chess.Tile[,], System.Collections.Generic.Dictionary[Position,TileWithPiece], Chess.MoveCaptureFlag)
FN:150,CapturePredicate(Chess.Tile, System.Int32, Chess.Move)
FN:155,MovePredicate(Chess.TileWithPiece, Chess.Tile, Chess.Move, System.Collections.Generic.Dictionary[Position,TileWithPiece])
FN:167,GetSize(Chess.Tile[,])
FN:172,GetTile(Chess.Position, Chess.Tile[,])
FN:177,IsOnBoard(Chess.Position, System.Int32)
FN:182,PromotePiece(Chess.TileWithPiece, Chess.PieceType, Chess.Tile[,])
FN:194,MovePiece(Chess.TileWithPiece, Chess.Position, Chess.Tile[,], System.Collections.Generic.IEnumerable[TileWithPiece])
FN:205,RemovePiece(Chess.TileWithPiece, Chess.Tile[,])
FN:216,IsTilePieceInCheck(Chess.TileWithPiece, System.Func[PieceType,Int32,IEnumerable`1], System.Collections.Generic.IEnumerable[TileWithPiece], Chess.Tile[,], System.Collections.Generic.Dictionary[Position,TileWithPiece])
FN:228,IsInCheck(Chess.TileWithPiece, System.Func[PieceType,Int32,IEnumerable`1], System.Collections.Generic.IEnumerable[TileWithPiece], Chess.Tile[,], System.Collections.Generic.Dictionary[Position,TileWithPiece], System.Collections.Generic.IEnumerable[TileWithPiece])
FN:247,IsInCheckAfterMove(Chess.TileWithPiece, Chess.TileWithPiece, Chess.Position, Chess.Tile[,], System.Collections.Generic.IEnumerable[TileWithPiece], System.Collections.Generic.Dictionary[Position,TileWithPiece], System.Collections.Generic.IEnumerable[TileWithPiece], System.Func[PieceType,Int32,IEnumerable`1])
FNDA:76,Create(System.String, Chess.PieceType, Chess.PieceType)
FNDA:16,GetPlayerPieces(Chess.Tile[,], System.Int32)
FNDA:30,GetPiecesByPlayer(Chess.Tile[,])
FNDA:6913,FindMovePositions(Chess.TileWithPiece, System.Func[PieceType,Int32,IEnumerable`1], System.Int32, Chess.Tile[,], System.Collections.Generic.Dictionary[Position,TileWithPiece], Chess.MoveCaptureFlag)
FNDA:26692,CapturePredicate(Chess.Tile, System.Int32, Chess.Move)
FNDA:1146,MovePredicate(Chess.TileWithPiece, Chess.Tile, Chess.Move, System.Collections.Generic.Dictionary[Position,TileWithPiece])
FNDA:6913,GetSize(Chess.Tile[,])
FNDA:54583,GetTile(Chess.Position, Chess.Tile[,])
FNDA:100716,IsOnBoard(Chess.Position, System.Int32)
FNDA:2,PromotePiece(Chess.TileWithPiece, Chess.PieceType, Chess.Tile[,])
FNDA:521,MovePiece(Chess.TileWithPiece, Chess.Position, Chess.Tile[,], System.Collections.Generic.IEnumerable[TileWithPiece])
FNDA:522,RemovePiece(Chess.TileWithPiece, Chess.Tile[,])
FNDA:521,IsTilePieceInCheck(Chess.TileWithPiece, System.Func[PieceType,Int32,IEnumerable`1], System.Collections.Generic.IEnumerable[TileWithPiece], Chess.Tile[,], System.Collections.Generic.Dictionary[Position,TileWithPiece])
FNDA:32,IsInCheck(Chess.TileWithPiece, System.Func[PieceType,Int32,IEnumerable`1], System.Collections.Generic.IEnumerable[TileWithPiece], Chess.Tile[,], System.Collections.Generic.Dictionary[Position,TileWithPiece], System.Collections.Generic.IEnumerable[TileWithPiece])
FNDA:489,IsInCheckAfterMove(Chess.TileWithPiece, Chess.TileWithPiece, Chess.Position, Chess.Tile[,], System.Collections.Generic.IEnumerable[TileWithPiece], System.Collections.Generic.Dictionary[Position,TileWithPiece], System.Collections.Generic.IEnumerable[TileWithPiece], System.Func[PieceType,Int32,IEnumerable`1])
FNF:15
FNH:15
BRF:0
BRH:0
DA:12,76
DA:13,76
DA:14,76
DA:15,76
DA:16,76
DA:18,1368
DA:19,608
DA:20,608
DA:21,608
DA:22,10944
DA:23,4864
DA:24,4864
DA:25,4864
DA:26,2538
DA:28,2326
DA:29,2326
DA:30,2326
DA:31,2326
DA:33,1152
DA:34,292
DA:35,290
DA:36,293
DA:37,147
DA:38,152
DA:39,0
DA:41,2326
DA:42,2326
DA:43,2326
DA:45,2326
DA:46,152
DA:47,152
DA:48,152
DA:49,2174
DA:50,293
DA:51,293
DA:52,293
DA:54,1881
DA:55,1881
DA:56,1881
DA:58,2326
DA:60,2326
DA:61,2326
DA:62,2326
DA:64,2326
DA:65,2326
DA:66,4864
DA:67,608
DA:69,380
DA:71,76
DA:72,76
DA:75,16
DA:76,16
DA:78,494
DA:79,16
DA:82,30
DA:83,30
DA:85,941
DA:86,120
DA:87,30
DA:95,6913
DA:96,6913
DA:97,6913
DA:98,6913
DA:99,90443
DA:100,34852
DA:101,135584
DA:102,34852
DA:104,6913
DA:106,107629
DA:107,100716
DA:108,46722
DA:110,46119
DA:111,46119
DA:113,46119
DA:115,46119
DA:116,23943
DA:117,23943
DA:120,22176
DA:121,22176
DA:122,13776
DA:123,13776
DA:126,8400
DA:127,8400
DA:128,3216
DA:129,3216
DA:132,5184
DA:133,5184
DA:136,27159
DA:137,27159
DA:139,0
DA:140,26013
DA:141,1146
DA:142,0
DA:144,27159
DA:145,46119
DA:146,1125
DA:147,6913
DA:150,26692
DA:151,26692
DA:152,26692
DA:155,1146
DA:156,1146
DA:157,1146
DA:159,1146
DA:160,1146
DA:167,6913
DA:168,6913
DA:169,6913
DA:172,54583
DA:173,54583
DA:174,54583
DA:177,100716
DA:178,100716
DA:179,100716
DA:182,2
DA:183,2
DA:184,2
DA:185,2
DA:186,2
DA:187,2
DA:194,521
DA:195,521
DA:196,521
DA:197,521
DA:198,521
DA:200,521
DA:201,521
DA:202,521
DA:205,522
DA:206,522
DA:207,522
DA:208,522
DA:209,522
DA:216,521
DA:217,7111
DA:218,7111
DA:219,1163
DA:220,521
DA:228,32
DA:229,32
DA:230,32
DA:232,59
DA:234,54
DA:235,109
DA:236,49
DA:237,32
DA:247,489
DA:248,489
DA:249,489
DA:250,6654
DA:252,489
DA:253,489
LH:149
LF:152
end_of_record
SF:/Users/egill/code/unity_projects/chess/Assets/Scripts/Runtime/Move/CastlingMove.cs
FN:3,Tile()
FN:3,Tile(Chess.TileWithCastlingPiece)
FN:3,Destination()
FN:3,Destination(Chess.Position)
FN:3,CastlingMove(Chess.TileWithCastlingPiece, Chess.Position)
FNDA:25,Tile()
FNDA:25,Tile(Chess.TileWithCastlingPiece)
FNDA:25,Destination()
FNDA:25,Destination(Chess.Position)
FNDA:25,CastlingMove(Chess.TileWithCastlingPiece, Chess.Position)
FNF:5
FNH:5
BRF:0
BRH:0
DA:3,25
LH:1
LF:1
end_of_record
SF:/Users/egill/code/unity_projects/chess/Assets/Scripts/Runtime/ChessBoard.cs
FN:23,Create(System.String)
FN:30,SetBoardState(System.String)
FN:36,PromotePiece(Chess.TileWithPiece, Chess.PieceType)
FN:44,FindMoves(Chess.TileWithPiece, Chess.CheckType, System.Collections.Generic.IEnumerable[TileWithPiece])
FN:67,FindInPassingMove(Chess.TileWithPiece, System.Collections.Generic.IEnumerable[TileWithPiece])
FN:87,FindCastlingMoves(Chess.TileWithPiece, System.Boolean, System.Collections.Generic.IEnumerable[TileWithPiece], System.Collections.Generic.IEnumerable[TileWithPiece])
FN:139,GetOpponentTiles(System.Collections.Generic.Dictionary[Int32,IEnumerable`1], System.Int32)
FN:145,MovePiece(Chess.TileWithPiece, Chess.Position, System.Collections.Generic.Dictionary[Position,CastlingMove], System.Collections.Generic.IEnumerable[InPassingMove])
FN:178,IsPlayerInCheck(System.Int32, System.Func[PieceType,Int32,IEnumerable`1])
FN:186,GetCheckableTileWithPiece(System.Int32)
FN:17,ChessBoard(Chess.Rules)
FNDA:35,Create(System.String)
FNDA:16,SetBoardState(System.String)
FNDA:1,PromotePiece(Chess.TileWithPiece, Chess.PieceType)
FNDA:263,FindMoves(Chess.TileWithPiece, Chess.CheckType, System.Collections.Generic.IEnumerable[TileWithPiece])
FNDA:263,FindInPassingMove(Chess.TileWithPiece, System.Collections.Generic.IEnumerable[TileWithPiece])
FNDA:263,FindCastlingMoves(Chess.TileWithPiece, System.Boolean, System.Collections.Generic.IEnumerable[TileWithPiece], System.Collections.Generic.IEnumerable[TileWithPiece])
FNDA:296,GetOpponentTiles(System.Collections.Generic.Dictionary[Int32,IEnumerable`1], System.Int32)
FNDA:29,MovePiece(Chess.TileWithPiece, Chess.Position, System.Collections.Generic.Dictionary[Position,CastlingMove], System.Collections.Generic.IEnumerable[InPassingMove])
FNDA:26,IsPlayerInCheck(System.Int32, System.Func[PieceType,Int32,IEnumerable`1])
FNDA:437,GetCheckableTileWithPiece(System.Int32)
FNDA:19,ChessBoard(Chess.Rules)
FNF:11
FNH:11
BRF:0
BRH:0
DA:17,19
DA:18,19
DA:19,19
DA:20,19
DA:23,35
DA:24,35
DA:25,35
DA:26,35
DA:30,16
DA:31,16
DA:32,16
DA:33,16
DA:36,1
DA:37,1
DA:38,1
DA:39,1
DA:40,1
DA:44,263
DA:45,263
DA:46,263
DA:47,263
DA:49,263
DA:53,263
DA:54,266
DA:56,263
DA:58,263
DA:61,263
DA:62,674
DA:63,263
DA:64,263
DA:67,263
DA:68,263
DA:69,263
DA:70,129
DA:71,129
DA:74,134
DA:75,402
DA:76,134
DA:78,134
DA:79,17
DA:80,12
DA:81,5
DA:82,263
DA:87,263
DA:88,263
DA:89,263
DA:90,238
DA:91,238
DA:93,25
DA:94,3
DA:95,3
DA:97,22
DA:98,304
DA:99,304
DA:100,59
DA:101,39
DA:102,140
DA:103,38
DA:104,38
DA:105,38
DA:106,38
DA:107,38
DA:108,122
DA:109,52
DA:110,52
DA:111,81
DA:112,23
DA:114,67
DA:116,9
DA:117,26
DA:125,17
DA:126,2
DA:127,2
DA:130,7
DA:131,7
DA:132,7
DA:133,7
DA:135,20
DA:136,263
DA:139,296
DA:140,1676
DA:141,296
DA:145,29
DA:146,29
DA:147,29
DA:148,29
DA:149,29
DA:151,31
DA:152,2
DA:153,2
DA:154,2
DA:155,2
DA:156,2
DA:157,2
DA:159,30
DA:160,1
DA:161,2
DA:162,1
DA:163,1
DA:164,1
DA:166,29
DA:167,29
DA:168,29
DA:171,29
DA:173,29
DA:174,29
DA:178,26
DA:179,26
DA:180,26
DA:181,26
DA:182,26
DA:183,26
DA:186,437
DA:187,3907
DA:188,437
LH:115
LF:115
end_of_record
SF:/Users/egill/code/unity_projects/chess/Assets/Scripts/Runtime/Rules/EndCondition.cs
FN:3,Type()
FN:3,Type(Chess.EndConditionType)
FN:3,PlayerThatMovedResult()
FN:3,PlayerThatMovedResult(Chess.Result)
FN:6,GetOpponentsResult()
FN:3,EndCondition(Chess.EndConditionType, Chess.Result)
FNDA:110,Type()
FNDA:110,Type(Chess.EndConditionType)
FNDA:110,PlayerThatMovedResult()
FNDA:110,PlayerThatMovedResult(Chess.Result)
FNDA:2,GetOpponentsResult()
FNDA:110,EndCondition(Chess.EndConditionType, Chess.Result)
FNF:6
FNH:6
BRF:0
BRH:0
DA:3,110
DA:6,2
DA:8,1
DA:9,1
DA:10,0
LH:4
LF:5
end_of_record
SF:/Users/egill/code/unity_projects/chess/Assets/Scripts/Runtime/Game.cs
FN:12,ChessBoard()
FN:13,PlayerIdToMove()
FN:13,PlayerIdToMove(System.Int32)
FN:17,GameHasEnded()
FN:17,GameHasEnded(System.Boolean)
FN:18,PromotionIsOccuring()
FN:18,PromotionIsOccuring(System.Boolean)
FN:34,Create()
FN:40,FindMovePositions(Chess.TileWithPiece)
FN:110,ShouldPromotionOccur(Chess.TileWithPiece, Chess.Rules)
FN:129,CheckEndConditions(System.Int32, System.Collections.Generic.IEnumerable[Player], System.Collections.Generic.HashSet[EndCondition], Chess.Tile[,])
FN:170,UpdatePlayerTurn(System.Int32, System.Collections.Generic.IEnumerable[Player])
FN:20,Game(Chess.Rules, Chess.ChessBoard)
FN:59,MovePiece()
FNDA:262,ChessBoard()
FNDA:275,PlayerIdToMove()
FNDA:275,PlayerIdToMove(System.Int32)
FNDA:233,GameHasEnded()
FNDA:233,GameHasEnded(System.Boolean)
FNDA:235,PromotionIsOccuring()
FNDA:235,PromotionIsOccuring(System.Boolean)
FNDA:2,Create()
FNDA:220,FindMovePositions(Chess.TileWithPiece)
FNDA:19,ShouldPromotionOccur(Chess.TileWithPiece, Chess.Rules)
FNDA:15,CheckEndConditions(System.Int32, System.Collections.Generic.IEnumerable[Player], System.Collections.Generic.HashSet[EndCondition], Chess.Tile[,])
FNDA:33,UpdatePlayerTurn(System.Int32, System.Collections.Generic.IEnumerable[Player])
FNDA:4,Game(Chess.Rules, Chess.ChessBoard)
FNDA:13,MovePiece()
FNF:14
FNH:14
BRF:0
BRH:0
DA:12,262
DA:13,275
DA:17,233
DA:18,235
DA:20,4
DA:21,4
DA:22,4
DA:23,4
DA:24,4
DA:26,4
DA:27,24
DA:28,8
DA:29,8
DA:30,8
DA:31,4
DA:34,2
DA:35,2
DA:36,2
DA:37,2
DA:40,220
DA:41,220
DA:42,0
DA:43,0
DA:45,556
DA:46,220
DA:47,232
DA:48,116
DA:49,116
DA:50,220
DA:51,220
DA:52,220
DA:53,220
DA:54,220
DA:55,220
DA:59,13
DA:60,13
DA:61,13
DA:62,0
DA:63,0
DA:65,13
DA:66,13
DA:67,0
DA:69,0
DA:71,13
DA:72,13
DA:73,13
DA:74,30
DA:75,0
DA:77,0
DA:79,13
DA:81,13
DA:82,1
DA:83,1
DA:84,1
DA:85,1
DA:86,1
DA:87,1
DA:89,13
DA:92,39
DA:93,39
DA:94,32
DA:96,13
DA:97,13
DA:98,0
DA:99,0
DA:100,0
DA:102,13
DA:103,13
DA:104,13
DA:106,13
DA:107,13
DA:110,19
DA:111,19
DA:112,1
DA:113,1
DA:116,18
DA:117,18
DA:119,0
DA:120,18
DA:121,0
DA:123,19
DA:129,15
DA:130,15
DA:131,39
DA:132,30
DA:133,15
DA:134,1
DA:135,2
DA:136,5
DA:137,1
DA:138,1
DA:139,1
DA:140,1
DA:141,1
DA:144,42
DA:145,14
DA:146,14
DA:147,14
DA:148,14
DA:149,454
DA:150,206
DA:151,206
DA:152,206
DA:154,14
DA:155,1
DA:156,3
DA:157,5
DA:158,1
DA:159,1
DA:160,1
DA:161,1
DA:162,1
DA:164,13
DA:166,13
DA:167,15
DA:170,33
DA:171,102
DA:172,82
DA:173,33
DA:174,33
DA:175,33
LH:108
LF:121
end_of_record
SF:/Users/egill/code/unity_projects/chess/Assets/Scripts/Runtime/Move/InPassingMove.cs
FN:3,CapturePos()
FN:3,CapturePos(Chess.Position)
FN:3,PassedPiece()
FN:3,PassedPiece(Chess.TileWithPiece)
FN:3,InPassingMove(Chess.Position, Chess.TileWithPiece)
FNDA:21,CapturePos()
FNDA:21,CapturePos(Chess.Position)
FNDA:21,PassedPiece()
FNDA:21,PassedPiece(Chess.TileWithPiece)
FNDA:21,InPassingMove(Chess.Position, Chess.TileWithPiece)
FNF:5
FNH:5
BRF:0
BRH:0
DA:3,21
LH:1
LF:1
end_of_record
SF:/Users/egill/code/unity_projects/chess/Assets/Scripts/Runtime/Move/Move.cs
FN:3,Position()
FN:3,Position(Chess.Position)
FN:3,MoveType()
FN:3,MoveType(Chess.MoveType)
FN:3,MoveCaptureFlag()
FN:3,MoveCaptureFlag(Chess.MoveCaptureFlag)
FN:3,MoveConstraint()
FN:3,MoveConstraint(Chess.MoveConstraint)
FN:3,Move(Chess.Position, Chess.MoveType, Chess.MoveCaptureFlag, Chess.MoveConstraint)
FNDA:936158,Position()
FNDA:936158,Position(Chess.Position)
FNDA:936158,MoveType()
FNDA:936158,MoveType(Chess.MoveType)
FNDA:936158,MoveCaptureFlag()
FNDA:936158,MoveCaptureFlag(Chess.MoveCaptureFlag)
FNDA:936158,MoveConstraint()
FNDA:936158,MoveConstraint(Chess.MoveConstraint)
FNDA:936158,Move(Chess.Position, Chess.MoveType, Chess.MoveCaptureFlag, Chess.MoveConstraint)
FNF:9
FNH:9
BRF:0
BRH:0
DA:3,936158
LH:1
LF:1
end_of_record
SF:/Users/egill/code/unity_projects/chess/Assets/Scripts/Runtime/Pieces/Piece.cs
FN:5,Type()
FN:5,Type(Chess.PieceType)
FN:5,PlayerId()
FN:5,PlayerId(System.Int32)
FN:8,CompareTo(Chess.Piece)
FN:5,Piece(Chess.PieceType, System.Int32)
FNDA:35052,Type()
FNDA:35052,Type(Chess.PieceType)
FNDA:35052,PlayerId()
FNDA:35052,PlayerId(System.Int32)
FNDA:2,CompareTo(Chess.Piece)
FNDA:35052,Piece(Chess.PieceType, System.Int32)
FNF:6
FNH:6
BRF:0
BRH:0
DA:5,35052
DA:8,2
DA:9,2
DA:10,2
DA:11,2
LH:5
LF:5
end_of_record
SF:/Users/egill/code/unity_projects/chess/Assets/Scripts/Runtime/Player.cs
FN:5,Id()
FN:6,IsInCheckType()
FN:7,LastMovedTilePiece()
FN:7,LastMovedTilePiece(Chess.TileWithPiece)
FN:9,Player(System.Int32, Chess.CheckType)
FNDA:723,Id()
FNDA:347,IsInCheckType()
FNDA:129,LastMovedTilePiece()
FNDA:129,LastMovedTilePiece(Chess.TileWithPiece)
FNDA:56,Player(System.Int32, Chess.CheckType)
FNF:5
FNH:5
BRF:0
BRH:0
DA:5,723
DA:6,347
DA:7,129
DA:9,56
DA:10,56
DA:11,56
DA:12,56
DA:13,56
LH:8
LF:8
end_of_record
SF:/Users/egill/code/unity_projects/chess/Assets/Scripts/Runtime/Position.cs
FN:5,Column()
FN:5,Column(System.Int32)
FN:5,Row()
FN:5,Row(System.Int32)
FN:14,CompareTo(Chess.Position)
FN:20,operator+(Chess.Position, Chess.Position)
FN:23,operator-(Chess.Position, Chess.Position)
FN:26,operator*(Chess.Position, System.Int32)
FN:29,GridDistance(Chess.Position, Chess.Position)
FN:32,GridNormal(Chess.Position, Chess.Position)
FN:5,Position(System.Int32, System.Int32)
FNDA:2074877,Column()
FNDA:2074877,Column(System.Int32)
FNDA:2074877,Row()
FNDA:2074877,Row(System.Int32)
FNDA:126,CompareTo(Chess.Position)
FNDA:109118,operator+(Chess.Position, Chess.Position)
FNDA:1,operator-(Chess.Position, Chess.Position)
FNDA:100734,operator*(Chess.Position, System.Int32)
FNDA:92858,GridDistance(Chess.Position, Chess.Position)
FNDA:22179,GridNormal(Chess.Position, Chess.Position)
FNDA:2074877,Position(System.Int32, System.Int32)
FNF:11
FNH:11
BRF:0
BRH:0
DA:5,2074877
DA:14,126
DA:15,126
DA:16,126
DA:17,126
DA:20,109118
DA:23,1
DA:26,100734
DA:29,92858
DA:32,22179
DA:33,22179
DA:34,22179
DA:35,22179
DA:36,22179
DA:37,22179
LH:15
LF:15
end_of_record
SF:/Users/egill/code/unity_projects/chess/Assets/Scripts/Runtime/Rules/PromotionAxis.cs
FN:3,AxisPositionToTravel()
FN:3,AxisPositionToTravel(System.Int32)
FN:3,Axis()
FN:3,Axis(Chess.Position/Axis)
FN:3,PromotionAxis(System.Int32, Chess.Position/Axis)
FNDA:72,AxisPositionToTravel()
FNDA:72,AxisPositionToTravel(System.Int32)
FNDA:72,Axis()
FNDA:72,Axis(Chess.Position/Axis)
FNDA:72,PromotionAxis(System.Int32, Chess.Position/Axis)
FNF:5
FNH:5
BRF:0
BRH:0
DA:3,72
LH:1
LF:1
end_of_record
SF:/Users/egill/code/unity_projects/chess/Assets/Scripts/Runtime/Rules/Rules.cs
FN:8,BoardAtStart()
FN:19,EndConditions()
FN:26,NumberOfPlayers()
FN:27,PlayerIdToStart()
FN:30,CheckablePieceType()
FN:33,CastlingPieceType()
FN:36,InPassingPieceType()
FN:39,PromotionPieceType()
FN:41,PromotionChoices()
FN:45,PromotionPosition(System.Int32)
FN:51,MoveDefinitionByType(Chess.PieceType, System.Int32)
FN:65,KnightMoves()
FN:82,PawnMoves(System.Int32)
FN:95,QueenMoves()
FN:112,KingMoves()
FN:129,BishopMoves()
FN:142,RookMoves()
FNDA:41,BoardAtStart()
FNDA:15,EndConditions()
FNDA:12,NumberOfPlayers()
FNDA:4,PlayerIdToStart()
FNDA:76,CheckablePieceType()
FNDA:76,CastlingPieceType()
FNDA:263,InPassingPieceType()
FNDA:19,PromotionPieceType()
FNDA:0,PromotionChoices()
FNDA:18,PromotionPosition(System.Int32)
FNDA:7047,MoveDefinitionByType(Chess.PieceType, System.Int32)
FNDA:814,KnightMoves()
FNDA:3616,PawnMoves(System.Int32)
FNDA:557,QueenMoves()
FNDA:429,KingMoves()
FNDA:812,BishopMoves()
FNDA:819,RookMoves()
FNF:17
FNH:16
BRF:0
BRH:0
DA:8,41
DA:19,15
DA:26,12
DA:27,4
DA:30,76
DA:33,76
DA:36,263
DA:39,19
DA:41,0
DA:45,18
DA:46,18
DA:47,18
DA:48,18
DA:51,7047
DA:52,7047
DA:54,814
DA:55,3616
DA:56,812
DA:57,819
DA:58,557
DA:59,429
DA:60,0
DA:62,7047
DA:65,814
DA:68,814
DA:79,814
DA:82,3616
DA:83,3616
DA:85,3616
DA:92,3616
DA:95,557
DA:98,557
DA:109,557
DA:112,429
DA:115,429
DA:126,429
DA:129,812
DA:132,812
DA:139,812
DA:142,819
DA:145,819
DA:152,819
LH:40
LF:42
end_of_record
SF:/Users/egill/code/unity_projects/chess/Assets/Scripts/Runtime/Pieces/Tile.cs
FN:5,Position()
FN:5,Position(Chess.Position)
FN:8,CompareTo(Chess.Tile)
FN:5,Tile(Chess.Position)
FNDA:236166,Position()
FNDA:236166,Position(Chess.Position)
FNDA:31,CompareTo(Chess.Tile)
FNDA:236166,Tile(Chess.Position)
FNF:4
FNH:4
BRF:0
BRH:0
DA:5,236166
DA:8,31
DA:9,31
DA:10,31
LH:4
LF:4
end_of_record
SF:/Users/egill/code/unity_projects/chess/Assets/Scripts/Runtime/Pieces/Tile.cs
FN:49,TileWithCastlingPiece(Chess.Position, Chess.Piece, System.Boolean, System.Boolean)
FNDA:451,TileWithCastlingPiece(Chess.Position, Chess.Piece, System.Boolean, System.Boolean)
FNF:1
FNH:1
BRF:0
BRH:0
DA:49,451
LH:1
LF:1
end_of_record
SF:/Users/egill/code/unity_projects/chess/Assets/Scripts/Runtime/Pieces/Tile.cs
FN:52,TileWithCheckablePiece(Chess.Position, Chess.Piece, System.Boolean, System.Boolean)
FNDA:155,TileWithCheckablePiece(Chess.Position, Chess.Piece, System.Boolean, System.Boolean)
FNF:1
FNH:1
BRF:0
BRH:0
DA:52,155
LH:1
LF:1
end_of_record
SF:/Users/egill/code/unity_projects/chess/Assets/Scripts/Runtime/Pieces/Tile.cs
FN:13,Piece()
FN:13,Piece(Chess.Piece)
FN:13,HasMoved()
FN:13,HasMoved(System.Boolean)
FN:13,FirstMove()
FN:13,FirstMove(System.Boolean)
FN:16,StartPosition()
FN:19,CompareTo(Chess.TileWithPiece)
FN:13,TileWithPiece(Chess.Position, Chess.Piece, System.Boolean, System.Boolean)
FNDA:34576,Piece()
FNDA:34576,Piece(Chess.Piece)
FNDA:34576,HasMoved()
FNDA:34576,HasMoved(System.Boolean)
FNDA:34576,FirstMove()
FNDA:34576,FirstMove(System.Boolean)
FNDA:2399,StartPosition()
FNDA:2,CompareTo(Chess.TileWithPiece)
FNDA:34576,TileWithPiece(Chess.Position, Chess.Piece, System.Boolean, System.Boolean)
FNF:9
FNH:9
BRF:0
BRH:0
DA:13,34576
DA:14,2347
DA:16,2399
DA:19,2
DA:20,2
DA:21,2
DA:22,0
DA:23,0
DA:26,2
DA:27,2
DA:28,1
DA:29,1
DA:32,1
DA:33,1
DA:34,0
DA:35,0
DA:38,1
DA:39,1
DA:40,0
DA:41,0
DA:44,1
DA:45,2
LH:16
LF:22
end_of_record
